<?xml version="1.0" encoding="UTF-8"?>
<testng-results ignored="0" total="3" passed="2" failed="1" skipped="0">
  <reporter-output>
  </reporter-output>
  <suite started-at="2020-07-17T14:22:20 ICT" name="Default suite" finished-at="2020-07-17T14:23:03 ICT" duration-ms="42435">
    <groups>
    </groups>
    <test started-at="2020-07-17T14:22:20 ICT" name="Default test" finished-at="2020-07-17T14:23:03 ICT" duration-ms="42435">
      <class name="recruitment.cmc.com.vn.test.TestNewsPage">
        <test-method is-config="true" signature="setup()[pri:0, instance:recruitment.cmc.com.vn.test.TestNewsPage@7219ec67]" started-at="2020-07-17T14:22:20 ICT" name="setup" finished-at="2020-07-17T14:22:35 ICT" duration-ms="15021" status="PASS">
          <reporter-output>
          </reporter-output>
        </test-method> <!-- setup -->
        <test-method signature="testLikeNotLogged()[pri:1, instance:recruitment.cmc.com.vn.test.TestNewsPage@7219ec67]" started-at="2020-07-17T14:22:35 ICT" name="testLikeNotLogged" finished-at="2020-07-17T14:22:39 ICT" duration-ms="4057" status="PASS">
          <reporter-output>
          </reporter-output>
        </test-method> <!-- testLikeNotLogged -->
        <test-method signature="testLikeLogged()[pri:2, instance:recruitment.cmc.com.vn.test.TestNewsPage@7219ec67]" started-at="2020-07-17T14:22:39 ICT" name="testLikeLogged" finished-at="2020-07-17T14:23:02 ICT" duration-ms="22248" status="FAIL">
          <exception class="java.lang.AssertionError">
            <message>
              <![CDATA[expected [Yêu thích] but found [Đã thích]]]>
            </message>
            <full-stacktrace>
              <![CDATA[java.lang.AssertionError: expected [Yêu thích] but found [Đã thích]
at org.testng.Assert.fail(Assert.java:97)
at org.testng.Assert.assertEqualsImpl(Assert.java:136)
at org.testng.Assert.assertEquals(Assert.java:118)
at org.testng.Assert.assertEquals(Assert.java:575)
at org.testng.Assert.assertEquals(Assert.java:585)
at recruitment.cmc.com.vn.test.TestNewsPage.testLikeLogged(TestNewsPage.java:19)
at java.base/jdk.internal.reflect.NativeMethodAccessorImpl.invoke0(Native Method)
at java.base/jdk.internal.reflect.NativeMethodAccessorImpl.invoke(NativeMethodAccessorImpl.java:62)
at java.base/jdk.internal.reflect.DelegatingMethodAccessorImpl.invoke(DelegatingMethodAccessorImpl.java:43)
at java.base/java.lang.reflect.Method.invoke(Method.java:564)
at org.testng.internal.MethodInvocationHelper.invokeMethod(MethodInvocationHelper.java:134)
at org.testng.internal.TestInvoker.invokeMethod(TestInvoker.java:597)
at org.testng.internal.TestInvoker.invokeTestMethod(TestInvoker.java:173)
at org.testng.internal.MethodRunner.runInSequence(MethodRunner.java:46)
at org.testng.internal.TestInvoker$MethodInvocationAgent.invoke(TestInvoker.java:816)
at org.testng.internal.TestInvoker.invokeTestMethods(TestInvoker.java:146)
at org.testng.internal.TestMethodWorker.invokeTestMethods(TestMethodWorker.java:146)
at org.testng.internal.TestMethodWorker.run(TestMethodWorker.java:128)
at java.base/java.util.ArrayList.forEach(ArrayList.java:1510)
at org.testng.TestRunner.privateRun(TestRunner.java:766)
at org.testng.TestRunner.run(TestRunner.java:587)
at org.testng.SuiteRunner.runTest(SuiteRunner.java:384)
at org.testng.SuiteRunner.runSequentially(SuiteRunner.java:378)
at org.testng.SuiteRunner.privateRun(SuiteRunner.java:337)
at org.testng.SuiteRunner.run(SuiteRunner.java:286)
at org.testng.SuiteRunnerWorker.runSuite(SuiteRunnerWorker.java:53)
at org.testng.SuiteRunnerWorker.run(SuiteRunnerWorker.java:96)
at org.testng.TestNG.runSuitesSequentially(TestNG.java:1187)
at org.testng.TestNG.runSuitesLocally(TestNG.java:1109)
at org.testng.TestNG.runSuites(TestNG.java:1039)
at org.testng.TestNG.run(TestNG.java:1007)
at org.testng.remote.AbstractRemoteTestNG.run(AbstractRemoteTestNG.java:115)
at org.testng.remote.RemoteTestNG.initAndRun(RemoteTestNG.java:251)
at org.testng.remote.RemoteTestNG.main(RemoteTestNG.java:77)
]]>
            </full-stacktrace>
          </exception> <!-- java.lang.AssertionError -->
          <reporter-output>
          </reporter-output>
        </test-method> <!-- testLikeLogged -->
        <test-method signature="testUnLikeLogged()[pri:3, instance:recruitment.cmc.com.vn.test.TestNewsPage@7219ec67]" started-at="2020-07-17T14:23:02 ICT" name="testUnLikeLogged" finished-at="2020-07-17T14:23:02 ICT" duration-ms="67" status="PASS">
          <reporter-output>
          </reporter-output>
        </test-method> <!-- testUnLikeLogged -->
        <test-method is-config="true" signature="tearnDown()[pri:0, instance:recruitment.cmc.com.vn.test.TestNewsPage@7219ec67]" started-at="2020-07-17T14:23:02 ICT" name="tearnDown" finished-at="2020-07-17T14:23:03 ICT" duration-ms="1005" status="PASS">
          <reporter-output>
          </reporter-output>
        </test-method> <!-- tearnDown -->
      </class> <!-- recruitment.cmc.com.vn.test.TestNewsPage -->
    </test> <!-- Default test -->
  </suite> <!-- Default suite -->
</testng-results>
